<?xml version="1.0" encoding="UTF-8"?>
<testsuite xmlns:xsi="http://www.w3.org/2001/XMLSchema-instance" xsi:noNamespaceSchemaLocation="https://maven.apache.org/surefire/maven-surefire-plugin/xsd/surefire-test-report.xsd" version="3.0.2" name="com.example.adpipeline.validation.EventValidatorTest" time="0.046" tests="5" errors="0" skipped="0" failures="0">
  <properties>
[...]
</properties>
  <testcase name="invalidEventTypeFails" classname="com.example.adpipeline.validation.EventValidatorTest" time="0.008"/>
  <testcase name="validImpressionPasses" classname="com.example.adpipeline.validation.EventValidatorTest" time="0.003"/>
  <testcase name="requiredFieldsCannotBeBlank" classname="com.example.adpipeline.validation.EventValidatorTest" time="0.006"/>
  <testcase name="conversionRequiresConversionId" classname="com.example.adpipeline.validation.EventValidatorTest" time="0.004"/>
  <testcase name="negativeCostFails" classname="com.example.adpipeline.validation.EventValidatorTest" time="0.004"/>
</testsuite>